2023-02-10T03:53:48+00:00 CRITICAL Uncaught TypeError: json_decode(): Argument #1 ($json) must be of type string, array given in /home/site/wwwroot/wp-content/plugins/advanced-import/admin/class-advanced-import-admin.php:2285
Stack trace:
#0 /home/site/wwwroot/wp-content/plugins/advanced-import/admin/class-advanced-import-admin.php(2285): json_decode(Array, true)
#1 /home/site/wwwroot/wp-content/plugins/advanced-import/admin/class-elementor-import.php(138): Advanced_Import_Admin->isJson(Array)
#2 /home/site/wwwroot/wp-content/plugins/advanced-import/admin/class-elementor-import.php(224): Advanced_Import_Elementor->elementor_data(Array)
#3 /home/site/wwwroot/wp-content/plugins/advanced-import/admin/class-advanced-import-admin.php(2304): Advanced_Import_Elementor->process_elementor_posts()
#4 /home/site/wwwroot/wp-content/plugins/advanced-import/admin/class-advanced-import-admin.php(1245): Advanced_Import_Admin->import_menu_and_options()
#5 /home/site/wwwroot/wp-includes/class-wp-hook.php(308): Advanced_Import_Admin->import_content('')
#6 /home/site/wwwroot/wp-includes/class-wp-hook.php(332): WP_Hook->apply_filters('', Array)
#7 /home/site/wwwroot/wp-includes/plugin.php(517): WP_Hook->do_action(Array)
#8 /home/site/wwwroot/wp-admin/admin-ajax.php(188): do_action('wp_ajax_import_...')
#9 {main}
  thrown en /home/site/wwwroot/wp-content/plugins/advanced-import/admin/class-advanced-import-admin.php en la línea 2285

2023-02-10T16:32:36+00:00 CRITICAL Uncaught Error: Call to a member function get_average_rating() on null in /home/site/wwwroot/wp-content/plugins/woocommerce/templates/loop/rating.php:28
Stack trace:
#0 /home/site/wwwroot/wp-content/plugins/woocommerce/includes/wc-core-functions.php(345): include()
#1 /home/site/wwwroot/wp-content/plugins/woocommerce/includes/wc-template-functions.php(1399): wc_get_template('loop/rating.php')
#2 /home/site/wwwroot/wp-includes/class-wp-hook.php(308): woocommerce_template_loop_rating('')
#3 /home/site/wwwroot/wp-includes/class-wp-hook.php(332): WP_Hook->apply_filters('', Array)
#4 /home/site/wwwroot/wp-includes/plugin.php(517): WP_Hook->do_action(Array)
#5 /home/site/wwwroot/wp-content/plugins/woocommerce/templates/content-product.php(57): do_action('woocommerce_aft...')
#6 /home/site/wwwroot/wp-includes/template.php(785): require('/home/site/wwwr...')
#7 /home/site/wwwroot/wp-content/plugins/woocommerce/includes/wc-core-functions.php(284): load_template('/home/site/wwwr...', false)
#8 /home/site/wwwroot/wp-content/plugins/bosa-elementor-for-woocommerce/widgets/bew-elements-products.php(410): wc_get_template_part('content', 'product')
#9 /home/site/wwwroot/wp-content/plugins/elementor/includes/base/controls-stack.php(2268): Elementor\BEW_Products->render()
#10 /home/site/wwwroot/wp-content/plugins/elementor/includes/base/widget-base.php(609): Elementor\Controls_Stack->render_by_mode()
#11 /home/site/wwwroot/wp-content/plugins/elementor/includes/base/widget-base.php(750): Elementor\Widget_Base->render_content()
#12 /home/site/wwwroot/wp-content/plugins/elementor/includes/base/element-base.php(449): Elementor\Widget_Base->print_content()
#13 /home/site/wwwroot/wp-content/plugins/elementor/includes/base/element-base.php(1354): Elementor\Element_Base->print_element()
#14 /home/site/wwwroot/wp-content/plugins/elementor/includes/base/element-base.php(449): Elementor\Element_Base->print_content()
#15 /home/site/wwwroot/wp-content/plugins/elementor/includes/base/element-base.php(1354): Elementor\Element_Base->print_element()
#16 /home/site/wwwroot/wp-content/plugins/elementor/includes/base/element-base.php(449): Elementor\Element_Base->print_content()
#17 /home/site/wwwroot/wp-content/plugins/elementor/core/base/document.php(1669): Elementor\Element_Base->print_element()
#18 /home/site/wwwroot/wp-content/plugins/elementor/core/base/document.php(1095): Elementor\Core\Base\Document->print_elements(Array)
#19 /home/site/wwwroot/wp-content/plugins/elementor/includes/frontend.php(1153): Elementor\Core\Base\Document->print_elements_with_wrapper(Array)
#20 /home/site/wwwroot/wp-content/plugins/elementor/includes/frontend.php(1048): Elementor\Frontend->get_builder_content(145)
#21 /home/site/wwwroot/wp-includes/class-wp-hook.php(308): Elementor\Frontend->apply_builder_in_content('<style>/*! elem...')
#22 /home/site/wwwroot/wp-includes/plugin.php(205): WP_Hook->apply_filters('<style>/*! elem...', Array)
#23 /home/site/wwwroot/wp-includes/post-template.php(255): apply_filters('the_content', '<style>/*! elem...')
#24 /home/site/wwwroot/wp-content/plugins/elementor/modules/page-templates/module.php(190): the_content()
#25 [internal function]: Elementor\Modules\PageTemplates\Module->print_callback()
#26 /home/site/wwwroot/wp-content/plugins/elementor/modules/page-templates/module.php(207): call_user_func(Array)
#27 /home/site/wwwroot/wp-content/plugins/elementor/modules/page-templates/templates/header-footer.php(19): Elementor\Modules\PageTemplates\Module->print_content()
#28 /home/site/wwwroot/wp-includes/template-loader.php(106): include('/home/site/wwwr...')
#29 /home/site/wwwroot/wp-blog-header.php(19): require_once('/home/site/wwwr...')
#30 /home/site/wwwroot/index.php(17): require('/home/site/wwwr...')
#31 {main}
  thrown en /home/site/wwwroot/wp-content/plugins/woocommerce/templates/loop/rating.php en la línea 28

2023-02-10T16:34:08+00:00 CRITICAL Uncaught Error: Call to a member function get_average_rating() on null in /home/site/wwwroot/wp-content/plugins/woocommerce/templates/loop/rating.php:28
Stack trace:
#0 /home/site/wwwroot/wp-content/plugins/woocommerce/includes/wc-core-functions.php(345): include()
#1 /home/site/wwwroot/wp-content/plugins/woocommerce/includes/wc-template-functions.php(1399): wc_get_template('loop/rating.php')
#2 /home/site/wwwroot/wp-includes/class-wp-hook.php(308): woocommerce_template_loop_rating('')
#3 /home/site/wwwroot/wp-includes/class-wp-hook.php(332): WP_Hook->apply_filters('', Array)
#4 /home/site/wwwroot/wp-includes/plugin.php(517): WP_Hook->do_action(Array)
#5 /home/site/wwwroot/wp-content/plugins/woocommerce/templates/content-product.php(57): do_action('woocommerce_aft...')
#6 /home/site/wwwroot/wp-includes/template.php(785): require('/home/site/wwwr...')
#7 /home/site/wwwroot/wp-content/plugins/woocommerce/includes/wc-core-functions.php(284): load_template('/home/site/wwwr...', false)
#8 /home/site/wwwroot/wp-content/plugins/bosa-elementor-for-woocommerce/widgets/bew-elements-products.php(410): wc_get_template_part('content', 'product')
#9 /home/site/wwwroot/wp-content/plugins/elementor/includes/base/controls-stack.php(2268): Elementor\BEW_Products->render()
#10 /home/site/wwwroot/wp-content/plugins/elementor/includes/base/widget-base.php(609): Elementor\Controls_Stack->render_by_mode()
#11 /home/site/wwwroot/wp-content/plugins/elementor/includes/base/widget-base.php(750): Elementor\Widget_Base->render_content()
#12 /home/site/wwwroot/wp-content/plugins/elementor/includes/base/element-base.php(449): Elementor\Widget_Base->print_content()
#13 /home/site/wwwroot/wp-content/plugins/elementor/includes/base/element-base.php(1354): Elementor\Element_Base->print_element()
#14 /home/site/wwwroot/wp-content/plugins/elementor/includes/base/element-base.php(449): Elementor\Element_Base->print_content()
#15 /home/site/wwwroot/wp-content/plugins/elementor/includes/base/element-base.php(1354): Elementor\Element_Base->print_element()
#16 /home/site/wwwroot/wp-content/plugins/elementor/includes/base/element-base.php(449): Elementor\Element_Base->print_content()
#17 /home/site/wwwroot/wp-content/plugins/elementor/core/base/document.php(1669): Elementor\Element_Base->print_element()
#18 /home/site/wwwroot/wp-content/plugins/elementor/core/base/document.php(1095): Elementor\Core\Base\Document->print_elements(Array)
#19 /home/site/wwwroot/wp-content/plugins/elementor/includes/frontend.php(1153): Elementor\Core\Base\Document->print_elements_with_wrapper(Array)
#20 /home/site/wwwroot/wp-content/plugins/elementor/includes/frontend.php(1048): Elementor\Frontend->get_builder_content(145)
#21 /home/site/wwwroot/wp-includes/class-wp-hook.php(308): Elementor\Frontend->apply_builder_in_content('<style>/*! elem...')
#22 /home/site/wwwroot/wp-includes/plugin.php(205): WP_Hook->apply_filters('<style>/*! elem...', Array)
#23 /home/site/wwwroot/wp-includes/post-template.php(255): apply_filters('the_content', '<style>/*! elem...')
#24 /home/site/wwwroot/wp-content/plugins/elementor/modules/page-templates/module.php(190): the_content()
#25 [internal function]: Elementor\Modules\PageTemplates\Module->print_callback()
#26 /home/site/wwwroot/wp-content/plugins/elementor/modules/page-templates/module.php(207): call_user_func(Array)
#27 /home/site/wwwroot/wp-content/plugins/elementor/modules/page-templates/templates/header-footer.php(19): Elementor\Modules\PageTemplates\Module->print_content()
#28 /home/site/wwwroot/wp-includes/template-loader.php(106): include('/home/site/wwwr...')
#29 /home/site/wwwroot/wp-blog-header.php(19): require_once('/home/site/wwwr...')
#30 /home/site/wwwroot/index.php(17): require('/home/site/wwwr...')
#31 {main}
  thrown en /home/site/wwwroot/wp-content/plugins/woocommerce/templates/loop/rating.php en la línea 28

2023-02-10T16:34:22+00:00 CRITICAL Uncaught Error: Call to a member function get_average_rating() on null in /home/site/wwwroot/wp-content/plugins/woocommerce/templates/loop/rating.php:28
Stack trace:
#0 /home/site/wwwroot/wp-content/plugins/woocommerce/includes/wc-core-functions.php(345): include()
#1 /home/site/wwwroot/wp-content/plugins/woocommerce/includes/wc-template-functions.php(1399): wc_get_template('loop/rating.php')
#2 /home/site/wwwroot/wp-includes/class-wp-hook.php(308): woocommerce_template_loop_rating('')
#3 /home/site/wwwroot/wp-includes/class-wp-hook.php(332): WP_Hook->apply_filters('', Array)
#4 /home/site/wwwroot/wp-includes/plugin.php(517): WP_Hook->do_action(Array)
#5 /home/site/wwwroot/wp-content/plugins/woocommerce/templates/content-product.php(57): do_action('woocommerce_aft...')
#6 /home/site/wwwroot/wp-includes/template.php(785): require('/home/site/wwwr...')
#7 /home/site/wwwroot/wp-content/plugins/woocommerce/includes/wc-core-functions.php(284): load_template('/home/site/wwwr...', false)
#8 /home/site/wwwroot/wp-content/plugins/bosa-elementor-for-woocommerce/widgets/bew-elements-products.php(410): wc_get_template_part('content', 'product')
#9 /home/site/wwwroot/wp-content/plugins/elementor/includes/base/controls-stack.php(2268): Elementor\BEW_Products->render()
#10 /home/site/wwwroot/wp-content/plugins/elementor/includes/base/widget-base.php(609): Elementor\Controls_Stack->render_by_mode()
#11 /home/site/wwwroot/wp-content/plugins/elementor/includes/base/widget-base.php(750): Elementor\Widget_Base->render_content()
#12 /home/site/wwwroot/wp-content/plugins/elementor/includes/base/element-base.php(449): Elementor\Widget_Base->print_content()
#13 /home/site/wwwroot/wp-content/plugins/elementor/includes/base/element-base.php(1354): Elementor\Element_Base->print_element()
#14 /home/site/wwwroot/wp-content/plugins/elementor/includes/base/element-base.php(449): Elementor\Element_Base->print_content()
#15 /home/site/wwwroot/wp-content/plugins/elementor/includes/base/element-base.php(1354): Elementor\Element_Base->print_element()
#16 /home/site/wwwroot/wp-content/plugins/elementor/includes/base/element-base.php(449): Elementor\Element_Base->print_content()
#17 /home/site/wwwroot/wp-content/plugins/elementor/core/base/document.php(1669): Elementor\Element_Base->print_element()
#18 /home/site/wwwroot/wp-content/plugins/elementor/core/base/document.php(1095): Elementor\Core\Base\Document->print_elements(Array)
#19 /home/site/wwwroot/wp-content/plugins/elementor/includes/frontend.php(1153): Elementor\Core\Base\Document->print_elements_with_wrapper(Array)
#20 /home/site/wwwroot/wp-content/plugins/elementor/includes/frontend.php(1048): Elementor\Frontend->get_builder_content(145)
#21 /home/site/wwwroot/wp-includes/class-wp-hook.php(308): Elementor\Frontend->apply_builder_in_content('<style>/*! elem...')
#22 /home/site/wwwroot/wp-includes/plugin.php(205): WP_Hook->apply_filters('<style>/*! elem...', Array)
#23 /home/site/wwwroot/wp-includes/post-template.php(255): apply_filters('the_content', '<style>/*! elem...')
#24 /home/site/wwwroot/wp-content/plugins/elementor/modules/page-templates/module.php(190): the_content()
#25 [internal function]: Elementor\Modules\PageTemplates\Module->print_callback()
#26 /home/site/wwwroot/wp-content/plugins/elementor/modules/page-templates/module.php(207): call_user_func(Array)
#27 /home/site/wwwroot/wp-content/plugins/elementor/modules/page-templates/templates/header-footer.php(19): Elementor\Modules\PageTemplates\Module->print_content()
#28 /home/site/wwwroot/wp-includes/template-loader.php(106): include('/home/site/wwwr...')
#29 /home/site/wwwroot/wp-blog-header.php(19): require_once('/home/site/wwwr...')
#30 /home/site/wwwroot/index.php(17): require('/home/site/wwwr...')
#31 {main}
  thrown en /home/site/wwwroot/wp-content/plugins/woocommerce/templates/loop/rating.php en la línea 28

2023-02-10T16:34:36+00:00 CRITICAL Uncaught Error: Call to a member function get_average_rating() on null in /home/site/wwwroot/wp-content/plugins/woocommerce/templates/loop/rating.php:28
Stack trace:
#0 /home/site/wwwroot/wp-content/plugins/woocommerce/includes/wc-core-functions.php(345): include()
#1 /home/site/wwwroot/wp-content/plugins/woocommerce/includes/wc-template-functions.php(1399): wc_get_template('loop/rating.php')
#2 /home/site/wwwroot/wp-includes/class-wp-hook.php(308): woocommerce_template_loop_rating('')
#3 /home/site/wwwroot/wp-includes/class-wp-hook.php(332): WP_Hook->apply_filters('', Array)
#4 /home/site/wwwroot/wp-includes/plugin.php(517): WP_Hook->do_action(Array)
#5 /home/site/wwwroot/wp-content/plugins/woocommerce/templates/content-product.php(57): do_action('woocommerce_aft...')
#6 /home/site/wwwroot/wp-includes/template.php(785): require('/home/site/wwwr...')
#7 /home/site/wwwroot/wp-content/plugins/woocommerce/includes/wc-core-functions.php(284): load_template('/home/site/wwwr...', false)
#8 /home/site/wwwroot/wp-content/plugins/bosa-elementor-for-woocommerce/widgets/bew-elements-products.php(410): wc_get_template_part('content', 'product')
#9 /home/site/wwwroot/wp-content/plugins/elementor/includes/base/controls-stack.php(2268): Elementor\BEW_Products->render()
#10 /home/site/wwwroot/wp-content/plugins/elementor/includes/base/widget-base.php(609): Elementor\Controls_Stack->render_by_mode()
#11 /home/site/wwwroot/wp-content/plugins/elementor/includes/base/widget-base.php(750): Elementor\Widget_Base->render_content()
#12 /home/site/wwwroot/wp-content/plugins/elementor/includes/base/element-base.php(449): Elementor\Widget_Base->print_content()
#13 /home/site/wwwroot/wp-content/plugins/elementor/includes/base/element-base.php(1354): Elementor\Element_Base->print_element()
#14 /home/site/wwwroot/wp-content/plugins/elementor/includes/base/element-base.php(449): Elementor\Element_Base->print_content()
#15 /home/site/wwwroot/wp-content/plugins/elementor/includes/base/element-base.php(1354): Elementor\Element_Base->print_element()
#16 /home/site/wwwroot/wp-content/plugins/elementor/includes/base/element-base.php(449): Elementor\Element_Base->print_content()
#17 /home/site/wwwroot/wp-content/plugins/elementor/core/base/document.php(1669): Elementor\Element_Base->print_element()
#18 /home/site/wwwroot/wp-content/plugins/elementor/core/base/document.php(1095): Elementor\Core\Base\Document->print_elements(Array)
#19 /home/site/wwwroot/wp-content/plugins/elementor/includes/frontend.php(1153): Elementor\Core\Base\Document->print_elements_with_wrapper(Array)
#20 /home/site/wwwroot/wp-content/plugins/elementor/includes/frontend.php(1048): Elementor\Frontend->get_builder_content(145)
#21 /home/site/wwwroot/wp-includes/class-wp-hook.php(308): Elementor\Frontend->apply_builder_in_content('<style>/*! elem...')
#22 /home/site/wwwroot/wp-includes/plugin.php(205): WP_Hook->apply_filters('<style>/*! elem...', Array)
#23 /home/site/wwwroot/wp-includes/post-template.php(255): apply_filters('the_content', '<style>/*! elem...')
#24 /home/site/wwwroot/wp-content/plugins/elementor/modules/page-templates/module.php(190): the_content()
#25 [internal function]: Elementor\Modules\PageTemplates\Module->print_callback()
#26 /home/site/wwwroot/wp-content/plugins/elementor/modules/page-templates/module.php(207): call_user_func(Array)
#27 /home/site/wwwroot/wp-content/plugins/elementor/modules/page-templates/templates/header-footer.php(19): Elementor\Modules\PageTemplates\Module->print_content()
#28 /home/site/wwwroot/wp-includes/template-loader.php(106): include('/home/site/wwwr...')
#29 /home/site/wwwroot/wp-blog-header.php(19): require_once('/home/site/wwwr...')
#30 /home/site/wwwroot/index.php(17): require('/home/site/wwwr...')
#31 {main}
  thrown en /home/site/wwwroot/wp-content/plugins/woocommerce/templates/loop/rating.php en la línea 28

2023-02-10T16:35:00+00:00 CRITICAL Uncaught Error: Call to a member function get_average_rating() on null in /home/site/wwwroot/wp-content/plugins/woocommerce/templates/loop/rating.php:28
Stack trace:
#0 /home/site/wwwroot/wp-content/plugins/woocommerce/includes/wc-core-functions.php(345): include()
#1 /home/site/wwwroot/wp-content/plugins/woocommerce/includes/wc-template-functions.php(1399): wc_get_template('loop/rating.php')
#2 /home/site/wwwroot/wp-includes/class-wp-hook.php(308): woocommerce_template_loop_rating('')
#3 /home/site/wwwroot/wp-includes/class-wp-hook.php(332): WP_Hook->apply_filters('', Array)
#4 /home/site/wwwroot/wp-includes/plugin.php(517): WP_Hook->do_action(Array)
#5 /home/site/wwwroot/wp-content/plugins/woocommerce/templates/content-product.php(57): do_action('woocommerce_aft...')
#6 /home/site/wwwroot/wp-includes/template.php(785): require('/home/site/wwwr...')
#7 /home/site/wwwroot/wp-content/plugins/woocommerce/includes/wc-core-functions.php(284): load_template('/home/site/wwwr...', false)
#8 /home/site/wwwroot/wp-content/plugins/bosa-elementor-for-woocommerce/widgets/bew-elements-products.php(410): wc_get_template_part('content', 'product')
#9 /home/site/wwwroot/wp-content/plugins/elementor/includes/base/controls-stack.php(2268): Elementor\BEW_Products->render()
#10 /home/site/wwwroot/wp-content/plugins/elementor/includes/base/widget-base.php(609): Elementor\Controls_Stack->render_by_mode()
#11 /home/site/wwwroot/wp-content/plugins/elementor/includes/base/widget-base.php(750): Elementor\Widget_Base->render_content()
#12 /home/site/wwwroot/wp-content/plugins/elementor/includes/base/element-base.php(449): Elementor\Widget_Base->print_content()
#13 /home/site/wwwroot/wp-content/plugins/elementor/includes/base/element-base.php(1354): Elementor\Element_Base->print_element()
#14 /home/site/wwwroot/wp-content/plugins/elementor/includes/base/element-base.php(449): Elementor\Element_Base->print_content()
#15 /home/site/wwwroot/wp-content/plugins/elementor/includes/base/element-base.php(1354): Elementor\Element_Base->print_element()
#16 /home/site/wwwroot/wp-content/plugins/elementor/includes/base/element-base.php(449): Elementor\Element_Base->print_content()
#17 /home/site/wwwroot/wp-content/plugins/elementor/core/base/document.php(1669): Elementor\Element_Base->print_element()
#18 /home/site/wwwroot/wp-content/plugins/elementor/core/base/document.php(1095): Elementor\Core\Base\Document->print_elements(Array)
#19 /home/site/wwwroot/wp-content/plugins/elementor/includes/frontend.php(1153): Elementor\Core\Base\Document->print_elements_with_wrapper(Array)
#20 /home/site/wwwroot/wp-content/plugins/elementor/includes/frontend.php(1048): Elementor\Frontend->get_builder_content(145)
#21 /home/site/wwwroot/wp-includes/class-wp-hook.php(308): Elementor\Frontend->apply_builder_in_content('<style>/*! elem...')
#22 /home/site/wwwroot/wp-includes/plugin.php(205): WP_Hook->apply_filters('<style>/*! elem...', Array)
#23 /home/site/wwwroot/wp-includes/post-template.php(255): apply_filters('the_content', '<style>/*! elem...')
#24 /home/site/wwwroot/wp-content/plugins/elementor/modules/page-templates/module.php(190): the_content()
#25 [internal function]: Elementor\Modules\PageTemplates\Module->print_callback()
#26 /home/site/wwwroot/wp-content/plugins/elementor/modules/page-templates/module.php(207): call_user_func(Array)
#27 /home/site/wwwroot/wp-content/plugins/elementor/modules/page-templates/templates/header-footer.php(19): Elementor\Modules\PageTemplates\Module->print_content()
#28 /home/site/wwwroot/wp-includes/template-loader.php(106): include('/home/site/wwwr...')
#29 /home/site/wwwroot/wp-blog-header.php(19): require_once('/home/site/wwwr...')
#30 /home/site/wwwroot/index.php(17): require('/home/site/wwwr...')
#31 {main}
  thrown en /home/site/wwwroot/wp-content/plugins/woocommerce/templates/loop/rating.php en la línea 28

2023-02-10T16:36:42+00:00 CRITICAL Uncaught Error: Call to a member function get_average_rating() on null in /home/site/wwwroot/wp-content/plugins/woocommerce/templates/loop/rating.php:28
Stack trace:
#0 /home/site/wwwroot/wp-content/plugins/woocommerce/includes/wc-core-functions.php(345): include()
#1 /home/site/wwwroot/wp-content/plugins/woocommerce/includes/wc-template-functions.php(1399): wc_get_template('loop/rating.php')
#2 /home/site/wwwroot/wp-includes/class-wp-hook.php(308): woocommerce_template_loop_rating('')
#3 /home/site/wwwroot/wp-includes/class-wp-hook.php(332): WP_Hook->apply_filters('', Array)
#4 /home/site/wwwroot/wp-includes/plugin.php(517): WP_Hook->do_action(Array)
#5 /home/site/wwwroot/wp-content/plugins/woocommerce/templates/content-product.php(57): do_action('woocommerce_aft...')
#6 /home/site/wwwroot/wp-includes/template.php(785): require('/home/site/wwwr...')
#7 /home/site/wwwroot/wp-content/plugins/woocommerce/includes/wc-core-functions.php(284): load_template('/home/site/wwwr...', false)
#8 /home/site/wwwroot/wp-content/plugins/bosa-elementor-for-woocommerce/widgets/bew-elements-products.php(410): wc_get_template_part('content', 'product')
#9 /home/site/wwwroot/wp-content/plugins/elementor/includes/base/controls-stack.php(2268): Elementor\BEW_Products->render()
#10 /home/site/wwwroot/wp-content/plugins/elementor/includes/base/widget-base.php(609): Elementor\Controls_Stack->render_by_mode()
#11 /home/site/wwwroot/wp-content/plugins/elementor/includes/base/widget-base.php(750): Elementor\Widget_Base->render_content()
#12 /home/site/wwwroot/wp-content/plugins/elementor/includes/base/element-base.php(449): Elementor\Widget_Base->print_content()
#13 /home/site/wwwroot/wp-content/plugins/elementor/includes/base/element-base.php(1354): Elementor\Element_Base->print_element()
#14 /home/site/wwwroot/wp-content/plugins/elementor/includes/base/element-base.php(449): Elementor\Element_Base->print_content()
#15 /home/site/wwwroot/wp-content/plugins/elementor/includes/base/element-base.php(1354): Elementor\Element_Base->print_element()
#16 /home/site/wwwroot/wp-content/plugins/elementor/includes/base/element-base.php(449): Elementor\Element_Base->print_content()
#17 /home/site/wwwroot/wp-content/plugins/elementor/core/base/document.php(1669): Elementor\Element_Base->print_element()
#18 /home/site/wwwroot/wp-content/plugins/elementor/core/base/document.php(1095): Elementor\Core\Base\Document->print_elements(Array)
#19 /home/site/wwwroot/wp-content/plugins/elementor/includes/frontend.php(1153): Elementor\Core\Base\Document->print_elements_with_wrapper(Array)
#20 /home/site/wwwroot/wp-content/plugins/elementor/includes/frontend.php(1048): Elementor\Frontend->get_builder_content(145)
#21 /home/site/wwwroot/wp-includes/class-wp-hook.php(308): Elementor\Frontend->apply_builder_in_content('<style>/*! elem...')
#22 /home/site/wwwroot/wp-includes/plugin.php(205): WP_Hook->apply_filters('<style>/*! elem...', Array)
#23 /home/site/wwwroot/wp-includes/post-template.php(255): apply_filters('the_content', '<style>/*! elem...')
#24 /home/site/wwwroot/wp-content/plugins/elementor/modules/page-templates/module.php(190): the_content()
#25 [internal function]: Elementor\Modules\PageTemplates\Module->print_callback()
#26 /home/site/wwwroot/wp-content/plugins/elementor/modules/page-templates/module.php(207): call_user_func(Array)
#27 /home/site/wwwroot/wp-content/plugins/elementor/modules/page-templates/templates/header-footer.php(19): Elementor\Modules\PageTemplates\Module->print_content()
#28 /home/site/wwwroot/wp-includes/template-loader.php(106): include('/home/site/wwwr...')
#29 /home/site/wwwroot/wp-blog-header.php(19): require_once('/home/site/wwwr...')
#30 /home/site/wwwroot/index.php(17): require('/home/site/wwwr...')
#31 {main}
  thrown en /home/site/wwwroot/wp-content/plugins/woocommerce/templates/loop/rating.php en la línea 28

